22:22:02.075 [main] INFO  - Hover the mouse to New bikes... 
22:22:03.418 [main] INFO  - Click on Upcoming bikes..... 
22:22:05.549 [main] INFO  - Click on manufacturer and select Honda.... 
22:22:29.439 [main] INFO  - Hover the mouse on used cars..... 
22:22:36.456 [main] INFO  - Clicked on Chennai..... 
22:22:36.805 [main] INFO  - Generating the all the popular models of used cars in chennai..... 
22:22:44.458 [main] INFO  - Clicked on Signin/Register Button..... 
22:22:49.870 [main] INFO  - Given invalid email account id..... 
10:28:42.825 [main] INFO  - User is on the Zigwheels homepage..... 
10:28:46.245 [main] INFO  - Verifying the login/register button..... 
10:28:48.287 [main] INFO  - Navigating to the login page..... 
10:28:53.196 [main] INFO  - Hover the mouse over the New Bikes..... 
10:29:55.207 [main] INFO  - Clicking on the used cars..... 
10:31:52.417 [main] INFO  - User is on the Zigwheels homepage..... 
10:31:55.972 [main] INFO  - Verifying the login/register button..... 
10:31:58.185 [main] INFO  - Navigating to the login page..... 
10:32:02.796 [main] INFO  - Hover the mouse over the New Bikes..... 
10:32:05.466 [main] INFO  - Clicking on the used cars..... 
10:33:10.185 [main] INFO  - User is on the zigwheels website..... 
10:33:11.381 [main] INFO  - Filtering upcoming bikes for Honda..... 
10:33:19.249 [main] INFO  - Navigated to the honda bikes tab..... 
10:33:19.504 [main] INFO  - Generating the all the popular models of used cars in chennai..... 
10:33:19.940 [main] INFO  - List of upcoming Honda bikes..... 
10:33:24.858 [main] INFO  - Navigating to the given city..... 
10:33:35.439 [main] INFO  - Navigating to the given city..... 
10:33:45.698 [main] INFO  - Navigating to the given city..... 
10:33:52.811 [main] INFO  - Navigating to the given city..... 
10:34:00.529 [main] INFO  - Navigating to the given city..... 
10:34:10.181 [main] INFO  - Navigating to the given city..... 
10:34:18.521 [main] INFO  - Navigating to the given city..... 
10:34:27.359 [main] INFO  - Navigating to the given city..... 
10:34:38.032 [main] INFO  - Navigating to the given city..... 
10:35:01.975 [main] INFO  - Searching for Honda bikes..... 
10:35:13.651 [main] INFO  - Successfully navigated to the used cars tab..... 
10:35:13.939 [main] INFO  - Selecting the checkbox of popular models..... 
10:39:06.214 [main] INFO  - User is on the zigwheels website..... 
10:39:07.478 [main] INFO  - Filtering upcoming bikes for Honda..... 
10:39:13.725 [main] INFO  - Navigated to the honda bikes tab..... 
10:39:13.982 [main] INFO  - Generating the all the popular models of used cars in chennai..... 
10:39:14.397 [main] INFO  - List of upcoming Honda bikes..... 
10:39:19.355 [main] INFO  - Navigating to the given city..... 
10:39:42.916 [main] INFO  - Navigating to the given city..... 
10:39:53.712 [main] INFO  - Navigating to the given city..... 
10:40:03.154 [main] INFO  - Navigating to the given city..... 
10:40:11.541 [main] INFO  - Navigating to the given city..... 
10:40:20.205 [main] INFO  - Navigating to the given city..... 
10:40:28.419 [main] INFO  - Navigating to the given city..... 
10:40:36.922 [main] INFO  - Navigating to the given city..... 
10:40:46.134 [main] INFO  - Navigating to the given city..... 
10:40:55.596 [main] INFO  - Searching for Honda bikes..... 
10:41:05.245 [main] INFO  - Successfully navigated to the used cars tab..... 
10:41:05.503 [main] INFO  - Selecting the checkbox of popular models..... 
10:48:44.642 [main] INFO  - User is on the zigwheels website..... 
10:48:45.390 [main] INFO  - Filtering upcoming bikes for Honda..... 
10:48:53.422 [main] INFO  - Navigated to the honda bikes tab..... 
10:48:53.664 [main] INFO  - Generating the all the popular models of used cars in chennai..... 
10:48:54.081 [main] INFO  - List of upcoming Honda bikes..... 
10:48:59.173 [main] INFO  - Navigating to the given city..... 
10:49:13.811 [main] INFO  - Navigating to the given city..... 
10:49:25.640 [main] INFO  - Navigating to the given city..... 
10:49:36.785 [main] INFO  - Navigating to the given city..... 
10:49:46.147 [main] INFO  - Navigating to the given city..... 
10:50:04.200 [main] INFO  - Navigating to the given city..... 
10:50:13.925 [main] INFO  - Navigating to the given city..... 
10:50:22.033 [main] INFO  - Navigating to the given city..... 
10:50:31.455 [main] INFO  - Navigating to the given city..... 
10:50:40.194 [main] INFO  - Searching for Honda bikes..... 
10:50:48.725 [main] INFO  - Successfully navigated to the used cars tab..... 
10:50:48.954 [main] INFO  - Selecting the checkbox of popular models..... 
10:56:21.689 [main] INFO  - Hover the mouse to New bikes... 
10:56:22.540 [main] INFO  - Click on Upcoming bikes..... 
10:56:28.173 [main] INFO  - Click on manufacturer and select Honda.... 
10:56:45.380 [main] INFO  - Hover the mouse on used cars..... 
10:57:01.053 [main] INFO  - Clicked on Chennai..... 
10:57:01.340 [main] INFO  - Generating the all the popular models of used cars in chennai..... 
11:05:17.901 [main] INFO  - Clicked on Signin/Register Button..... 
11:05:25.851 [main] INFO  - Given invalid email account id..... 
11:53:48.386 [main] INFO  - Hover the mouse to New bikes... 
11:54:09.168 [main] INFO  - Hover the mouse on used cars..... 
11:57:10.709 [main] INFO  - Hover the mouse to New bikes... 
11:57:27.998 [main] INFO  - Click on Upcoming bikes..... 
11:57:31.997 [main] INFO  - Click on manufacturer and select Honda.... 
11:57:57.368 [main] INFO  - Hover the mouse on used cars..... 
11:58:08.424 [main] INFO  - Clicked on Chennai..... 
11:58:08.804 [main] INFO  - Generating the all the popular models of used cars in chennai..... 
12:07:05.213 [main] INFO  - Clicked on Signin/Register Button..... 
12:07:12.477 [main] INFO  - Given invalid email account id..... 
12:10:22.433 [main] INFO  - Hover the mouse to New bikes... 
12:10:23.560 [main] INFO  - Click on Upcoming bikes..... 
12:10:26.099 [main] INFO  - Click on manufacturer and select Honda.... 
12:10:55.566 [main] INFO  - Hover the mouse on used cars..... 
12:11:09.483 [main] INFO  - Clicked on Chennai..... 
12:11:09.749 [main] INFO  - Generating the all the popular models of used cars in chennai..... 
12:11:19.710 [main] INFO  - Clicked on Signin/Register Button..... 
12:11:31.969 [main] INFO  - Given invalid email account id..... 
12:20:03.626 [main] INFO  - Hover the mouse to New bikes... 
12:20:24.282 [main] INFO  - Hover the mouse on used cars..... 
12:22:01.743 [main] INFO  - Hover the mouse to New bikes... 
12:22:23.645 [main] INFO  - Click on Upcoming bikes..... 
12:24:46.804 [main] INFO  - Hover the mouse to New bikes... 
12:24:47.965 [main] INFO  - Click on Upcoming bikes..... 
12:24:52.209 [main] INFO  - Click on manufacturer and select Honda.... 
12:25:24.871 [main] INFO  - Hover the mouse on used cars..... 
12:26:37.052 [main] INFO  - Clicked on Signin/Register Button..... 
12:26:45.433 [main] INFO  - Given invalid email account id..... 
14:26:41.384 [main] INFO  - Hover the mouse to New bikes... 
14:26:42.241 [main] INFO  - Click on Upcoming bikes..... 
14:26:47.856 [main] INFO  - Click on manufacturer and select Honda.... 
14:27:36.278 [main] INFO  - Hover the mouse on used cars..... 
14:27:54.392 [main] INFO  - Clicked on Chennai..... 
14:27:54.645 [main] INFO  - Generating the all the popular models of used cars in chennai..... 
14:28:11.015 [main] INFO  - Clicked on Signin/Register Button..... 
14:28:19.847 [main] INFO  - Navigated to login page..... 
14:28:35.262 [main] INFO  - Given invalid email account id..... 
15:28:53.755 [main] INFO  - Hover the mouse to New bikes... 
15:28:54.661 [main] INFO  - Click on Upcoming bikes..... 
15:29:59.776 [main] INFO  - Click on manufacturer and select Honda.... 
15:30:21.974 [main] INFO  - Hover the mouse on used cars..... 
15:36:43.968 [main] INFO  - Hover the mouse to New bikes... 
15:36:44.968 [main] INFO  - Click on Upcoming bikes..... 
15:36:47.365 [main] INFO  - Click on manufacturer and select Honda.... 
15:37:12.880 [main] INFO  - Hover the mouse on used cars..... 
15:37:23.750 [main] INFO  - Clicked on Chennai..... 
15:37:24.192 [main] INFO  - Generating the all the popular models of used cars in chennai..... 
15:37:33.420 [main] INFO  - Clicked on Signin/Register Button..... 
15:37:34.321 [main] INFO  - Navigated to login page..... 
15:37:40.108 [main] INFO  - Given invalid email account id..... 
16:12:26.618 [main] INFO  - Hover the mouse to New bikes... 
16:12:47.374 [main] INFO  - Hover the mouse on used cars..... 
16:15:31.741 [main] INFO  - Hover the mouse to New bikes... 
16:18:00.441 [main] INFO  - Hover the mouse to New bikes... 
16:18:01.454 [main] INFO  - Click on Upcoming bikes..... 
16:18:04.268 [main] INFO  - Click on manufacturer and select Honda.... 
16:18:28.822 [main] INFO  - Hover the mouse on used cars..... 
16:18:39.266 [main] INFO  - Clicked on Chennai..... 
16:18:39.714 [main] INFO  - Generating the all the popular models of used cars in chennai..... 
17:08:25.368 [main] INFO  - Hover the mouse to New bikes... 
17:08:26.263 [main] INFO  - Click on Upcoming bikes..... 
17:08:31.750 [main] INFO  - Click on manufacturer and select Honda.... 
17:08:55.853 [main] INFO  - Hover the mouse on used cars..... 
17:10:06.163 [main] INFO  - Clicked on Signin/Register Button..... 
17:10:15.116 [main] INFO  - Navigated to login page..... 
17:10:22.368 [main] INFO  - Given invalid email account id..... 
20:08:32.591 [main] INFO  - Hover the mouse to New bikes... 
20:08:33.561 [main] INFO  - Click on Upcoming bikes..... 
20:08:35.982 [main] INFO  - Click on manufacturer and select Honda.... 
20:09:01.513 [main] INFO  - Hover the mouse on used cars..... 
20:09:11.146 [main] INFO  - Clicked on Chennai..... 
20:09:11.541 [main] INFO  - Generating the all the popular models of used cars in chennai..... 
20:14:02.258 [main] INFO  - Hover the mouse to New bikes... 
20:14:03.267 [main] INFO  - Click on Upcoming bikes..... 
20:14:05.970 [main] INFO  - Click on manufacturer and select Honda.... 
20:14:29.327 [main] INFO  - Hover the mouse on used cars..... 
20:14:39.807 [main] INFO  - Clicked on Chennai..... 
20:14:40.121 [main] INFO  - Generating the all the popular models of used cars in chennai..... 
20:21:46.843 [main] INFO  - Hover the mouse to New bikes... 
20:21:47.727 [main] INFO  - Click on Upcoming bikes..... 
20:21:50.001 [main] INFO  - Click on manufacturer and select Honda.... 
20:22:14.921 [main] INFO  - Hover the mouse on used cars..... 
20:22:27.271 [main] INFO  - Clicked on Chennai..... 
20:22:27.685 [main] INFO  - Generating the all the popular models of used cars in chennai..... 
20:22:36.187 [main] INFO  - Clicked on Signin/Register Button..... 
20:22:37.001 [main] INFO  - Navigated to login page..... 
20:22:40.892 [main] INFO  - Given invalid email account id..... 
20:23:50.501 [main] INFO  - Hover the mouse to New bikes... 
20:23:51.876 [main] INFO  - Click on Upcoming bikes..... 
20:23:54.008 [main] INFO  - Click on manufacturer and select Honda.... 
20:24:19.804 [main] INFO  - Hover the mouse on used cars..... 
20:24:27.476 [main] INFO  - Clicked on Chennai..... 
20:24:27.874 [main] INFO  - Generating the all the popular models of used cars in chennai..... 
20:32:27.904 [main] INFO  - Hover the mouse to New bikes... 
20:32:29.368 [main] INFO  - Click on Upcoming bikes..... 
20:32:32.509 [main] INFO  - Click on manufacturer and select Honda.... 
20:32:58.336 [main] INFO  - Hover the mouse on used cars..... 
20:33:06.044 [main] INFO  - Clicked on Chennai..... 
20:33:06.412 [main] INFO  - Generating the all the popular models of used cars in chennai..... 
20:38:47.408 [main] INFO  - Hover the mouse to New bikes... 
20:38:48.863 [main] INFO  - Click on Upcoming bikes..... 
20:38:51.974 [main] INFO  - Click on manufacturer and select Honda.... 
20:39:18.191 [main] INFO  - Hover the mouse on used cars..... 
20:39:25.849 [main] INFO  - Clicked on Chennai..... 
20:39:26.194 [main] INFO  - Generating the all the popular models of used cars in chennai..... 
20:50:11.776 [main] INFO  - Hover the mouse to New bikes... 
20:50:12.740 [main] INFO  - Click on Upcoming bikes..... 
20:50:15.325 [main] INFO  - Click on manufacturer and select Honda.... 
20:50:39.041 [main] INFO  - Hover the mouse on used cars..... 
20:50:50.989 [main] INFO  - Clicked on Chennai..... 
20:50:51.332 [main] INFO  - Generating the all the popular models of used cars in chennai..... 
20:52:16.413 [main] INFO  - Hover the mouse to New bikes... 
20:52:17.364 [main] INFO  - Click on Upcoming bikes..... 
20:52:20.103 [main] INFO  - Click on manufacturer and select Honda.... 
20:52:26.153 [main] INFO  - Hover the mouse on used cars..... 
20:52:34.717 [main] INFO  - Clicked on Chennai..... 
20:52:35.149 [main] INFO  - Generating the all the popular models of used cars in chennai..... 
20:52:40.858 [main] INFO  - Clicked on Signin/Register Button..... 
20:52:41.569 [main] INFO  - Navigated to login page..... 
20:52:46.170 [main] INFO  - Given invalid email account id..... 
20:53:55.632 [main] INFO  - Hover the mouse to New bikes... 
20:53:56.625 [main] INFO  - Click on Upcoming bikes..... 
20:53:58.981 [main] INFO  - Click on manufacturer and select Honda.... 
20:54:06.566 [main] INFO  - Hover the mouse on used cars..... 
20:54:17.642 [main] INFO  - Clicked on Chennai..... 
20:54:18.011 [main] INFO  - Generating the all the popular models of used cars in chennai..... 
20:54:23.027 [main] INFO  - Clicked on Signin/Register Button..... 
20:54:24.121 [main] INFO  - Navigated to login page..... 
20:54:27.604 [main] INFO  - Given invalid email account id..... 
20:56:11.757 [main] INFO  - Hover the mouse to New bikes... 
20:56:12.976 [main] INFO  - Click on Upcoming bikes..... 
20:56:15.158 [main] INFO  - Click on manufacturer and select Honda.... 
20:56:39.461 [main] INFO  - Hover the mouse on used cars..... 
20:56:51.301 [main] INFO  - Clicked on Chennai..... 
20:56:51.617 [main] INFO  - Generating the all the popular models of used cars in chennai..... 
21:00:55.982 [main] INFO  - Hover the mouse to New bikes... 
21:00:56.662 [main] INFO  - Click on Upcoming bikes..... 
21:01:02.466 [main] INFO  - Click on manufacturer and select Honda.... 
21:01:19.112 [main] INFO  - Hover the mouse on used cars..... 
21:01:27.907 [main] INFO  - Clicked on Chennai..... 
21:01:28.250 [main] INFO  - Generating the all the popular models of used cars in chennai..... 
21:09:41.400 [main] INFO  - Clicked on Signin/Register Button..... 
21:09:42.108 [main] INFO  - Navigated to login page..... 
21:09:48.940 [main] INFO  - Given invalid email account id..... 
10:10:28.579 [main] INFO  - Hover the mouse to New bikes... 
10:10:29.283 [main] INFO  - Click on Upcoming bikes..... 
10:12:50.126 [main] INFO  - Hover the mouse to New bikes... 
10:12:51.085 [main] INFO  - Click on Upcoming bikes..... 
10:12:53.021 [main] INFO  - Click on manufacturer and select Honda.... 
10:13:12.258 [main] INFO  - Hover the mouse on used cars..... 
10:13:20.756 [main] INFO  - Clicked on Chennai..... 
10:13:21.064 [main] INFO  - Generating the all the popular models of used cars in chennai..... 
10:17:35.567 [main] INFO  - Hover the mouse to New bikes... 
10:17:36.550 [main] INFO  - Click on Upcoming bikes..... 
10:17:38.267 [main] INFO  - Click on manufacturer and select Honda.... 
10:17:55.280 [main] INFO  - Hover the mouse on used cars..... 
10:18:01.666 [main] INFO  - Clicked on Chennai..... 
10:18:02.032 [main] INFO  - Generating the all the popular models of used cars in chennai..... 
10:27:37.102 [main] INFO  - Clicked on Signin/Register Button..... 
10:27:37.755 [main] INFO  - Navigated to login page..... 
10:27:42.491 [main] INFO  - Given invalid email account id..... 
12:44:04.915 [main] INFO  - Hover the mouse to New bikes... 
12:44:19.172 [main] INFO  - Click on Upcoming bikes..... 
12:44:24.146 [main] INFO  - Click on manufacturer and select Honda.... 
12:44:47.825 [main] INFO  - Hover the mouse on used cars..... 
12:44:57.150 [main] INFO  - Clicked on Chennai..... 
12:44:57.512 [main] INFO  - Generating the all the popular models of used cars in chennai..... 
12:45:08.465 [main] INFO  - Clicked on Signin/Register Button..... 
12:45:09.794 [main] INFO  - Navigated to login page..... 
12:45:15.688 [main] INFO  - Given invalid email account id..... 
13:56:46.441 [main] INFO  - Hover the mouse to New bikes... 
13:57:00.803 [main] INFO  - Click on Upcoming bikes..... 
13:57:06.198 [main] INFO  - Click on manufacturer and select Honda.... 
13:57:26.733 [main] INFO  - Hover the mouse on used cars..... 
13:57:33.713 [main] INFO  - Clicked on Chennai..... 
13:57:33.955 [main] INFO  - Generating the all the popular models of used cars in chennai..... 
13:57:39.740 [main] INFO  - Clicked on Signin/Register Button..... 
13:57:40.526 [main] INFO  - Navigated to login page..... 
13:57:48.990 [main] INFO  - Given invalid email account id..... 
13:59:42.430 [main] INFO  - Hover the mouse to New bikes... 
13:59:43.126 [main] INFO  - Click on Upcoming bikes..... 
13:59:47.171 [main] INFO  - Click on manufacturer and select Honda.... 
14:00:04.278 [main] INFO  - Hover the mouse on used cars..... 
14:00:12.547 [main] INFO  - Clicked on Chennai..... 
14:00:12.772 [main] INFO  - Generating the all the popular models of used cars in chennai..... 
14:09:49.400 [main] INFO  - Clicked on Signin/Register Button..... 
14:09:51.194 [main] INFO  - Navigated to login page..... 
14:09:57.393 [main] INFO  - Given invalid email account id..... 
14:32:25.297 [main] INFO  - User is on the Zigwheels homepage..... 
14:32:27.602 [main] INFO  - Verifying the login/register button..... 
14:32:29.142 [main] INFO  - Navigating to the login page..... 
14:32:33.715 [main] INFO  - Hover the mouse over the New Bikes..... 
14:32:35.994 [main] INFO  - Clicking on the used cars..... 
14:33:31.981 [main] INFO  - User is on the zigwheels website..... 
14:33:33.552 [main] INFO  - Filtering upcoming bikes for Honda..... 
14:33:41.255 [main] INFO  - Navigated to the honda bikes tab..... 
14:33:41.512 [main] INFO  - Generating the all the popular models of used cars in chennai..... 
14:33:41.931 [main] INFO  - List of upcoming Honda bikes..... 
14:33:47.209 [main] INFO  - Navigating to the given city..... 
14:33:58.203 [main] INFO  - Navigating to the given city..... 
14:34:08.547 [main] INFO  - Navigating to the given city..... 
14:34:17.766 [main] INFO  - Navigating to the given city..... 
14:34:26.923 [main] INFO  - Navigating to the given city..... 
14:34:37.355 [main] INFO  - Navigating to the given city..... 
14:34:46.339 [main] INFO  - Navigating to the given city..... 
14:34:56.960 [main] INFO  - Navigating to the given city..... 
14:35:06.059 [main] INFO  - Navigating to the given city..... 
14:35:15.534 [main] INFO  - Searching for Honda bikes..... 
14:35:25.398 [main] INFO  - Successfully navigated to the used cars tab..... 
14:35:25.739 [main] INFO  - Selecting the checkbox of popular models..... 
14:37:50.944 [main] INFO  - User is on the zigwheels website..... 
14:37:52.239 [main] INFO  - Filtering upcoming bikes for Honda..... 
14:37:59.885 [main] INFO  - Navigated to the honda bikes tab..... 
14:38:00.146 [main] INFO  - Generating the all the popular models of used cars in chennai..... 
14:38:00.569 [main] INFO  - List of upcoming Honda bikes..... 
14:38:05.364 [main] INFO  - Navigating to the given city..... 
14:38:13.774 [main] INFO  - Navigating to the given city..... 
14:38:18.562 [main] INFO  - Navigating to the given city..... 
14:39:03.903 [main] INFO  - User is on the zigwheels website..... 
14:39:05.034 [main] INFO  - Filtering upcoming bikes for Honda..... 
14:39:12.339 [main] INFO  - Navigated to the honda bikes tab..... 
14:39:12.602 [main] INFO  - Generating the all the popular models of used cars in chennai..... 
14:39:13.022 [main] INFO  - List of upcoming Honda bikes..... 
14:39:17.882 [main] INFO  - Navigating to the given city..... 
14:39:26.339 [main] INFO  - Navigating to the given city..... 
14:39:31.769 [main] INFO  - Navigating to the given city..... 
14:39:36.841 [main] INFO  - Navigating to the given city..... 
14:39:41.177 [main] INFO  - Navigating to the given city..... 
14:39:47.643 [main] INFO  - Navigating to the given city..... 
14:39:51.798 [main] INFO  - Navigating to the given city..... 
14:39:56.847 [main] INFO  - Navigating to the given city..... 
14:40:03.449 [main] INFO  - Navigating to the given city..... 
14:40:10.033 [main] INFO  - Searching for Honda bikes..... 
14:40:23.339 [main] INFO  - Successfully navigated to the used cars tab..... 
14:40:23.820 [main] INFO  - Selecting the checkbox of popular models..... 
14:50:58.070 [main] INFO  - User is on the zigwheels website..... 
14:50:58.741 [main] INFO  - Filtering upcoming bikes for Honda..... 
14:51:08.700 [main] INFO  - Navigated to the honda bikes tab..... 
14:51:09.001 [main] INFO  - Generating the all the popular models of used cars in chennai..... 
14:51:09.636 [main] INFO  - List of upcoming Honda bikes..... 
14:51:15.541 [main] INFO  - Navigating to the given city..... 
14:52:00.914 [main] INFO  - Hover the mouse to New bikes... 
14:52:01.616 [main] INFO  - Click on Upcoming bikes..... 
14:52:04.415 [main] INFO  - Click on manufacturer and select Honda.... 
14:53:51.832 [main] INFO  - Hover the mouse to New bikes... 
14:53:52.519 [main] INFO  - Click on Upcoming bikes..... 
14:53:59.055 [main] INFO  - Click on manufacturer and select Honda.... 
14:55:17.433 [main] INFO  - Hover the mouse on used cars..... 
14:55:34.973 [main] INFO  - Clicked on Chennai..... 
14:55:35.219 [main] INFO  - Generating the all the popular models of used cars in chennai..... 
14:57:50.025 [main] INFO  - Hover the mouse to New bikes... 
14:57:51.027 [main] INFO  - Click on Upcoming bikes..... 
14:57:52.930 [main] INFO  - Click on manufacturer and select Honda.... 
14:58:11.313 [main] INFO  - Hover the mouse on used cars..... 
14:58:18.996 [main] INFO  - Clicked on Chennai..... 
14:58:19.346 [main] INFO  - Generating the all the popular models of used cars in chennai..... 
14:58:26.353 [main] INFO  - Clicked on Signin/Register Button..... 
14:58:27.042 [main] INFO  - Navigated to login page..... 
14:58:30.650 [main] INFO  - Given invalid email account id..... 
17:07:43.633 [main] INFO  - Hover the mouse to New bikes... 
17:09:25.669 [main] INFO  - Hover the mouse to New bikes... 
17:09:26.819 [main] INFO  - Click on Upcoming bikes..... 
17:09:29.383 [main] INFO  - Click on manufacturer and select Honda.... 
17:09:52.237 [main] INFO  - Hover the mouse on used cars..... 
17:10:04.088 [main] INFO  - Clicked on Chennai..... 
17:10:04.510 [main] INFO  - Generating the all the popular models of used cars in chennai..... 
17:15:16.505 [main] INFO  - Hover the mouse to New bikes... 
17:15:17.349 [main] INFO  - Click on Upcoming bikes..... 
17:15:19.877 [main] INFO  - Click on manufacturer and select Honda.... 
17:15:43.510 [main] INFO  - Hover the mouse on used cars..... 
17:15:55.792 [main] INFO  - Clicked on Chennai..... 
17:15:56.242 [main] INFO  - Generating the all the popular models of used cars in chennai..... 
17:16:04.526 [main] INFO  - Clicked on Signin/Register Button..... 
17:16:05.236 [main] INFO  - Navigated to login page..... 
17:16:10.187 [main] INFO  - Given invalid email account id..... 
17:20:44.228 [main] INFO  - Hover the mouse to New bikes... 
17:20:45.059 [main] INFO  - Click on Upcoming bikes..... 
17:20:47.896 [main] INFO  - Click on manufacturer and select Honda.... 
17:21:13.368 [main] INFO  - Hover the mouse on used cars..... 
17:21:24.977 [main] INFO  - Clicked on Chennai..... 
17:21:25.476 [main] INFO  - Generating the all the popular models of used cars in chennai..... 
17:26:12.597 [main] INFO  - Hover the mouse to New bikes... 
17:26:27.403 [main] INFO  - Click on Upcoming bikes..... 
17:27:21.104 [main] INFO  - Click on manufacturer and select Honda.... 
17:28:43.421 [main] INFO  - Hover the mouse to New bikes... 
17:28:44.314 [main] INFO  - Click on Upcoming bikes..... 
17:28:46.964 [main] INFO  - Click on manufacturer and select Honda.... 
17:29:10.929 [main] INFO  - Hover the mouse on used cars..... 
17:29:22.477 [main] INFO  - Clicked on Chennai..... 
17:29:22.956 [main] INFO  - Generating the all the popular models of used cars in chennai..... 
17:35:18.173 [main] INFO  - Hover the mouse to New bikes... 
17:35:19.123 [main] INFO  - Click on Upcoming bikes..... 
17:35:43.507 [main] INFO  - Click on manufacturer and select Honda.... 
17:36:16.443 [main] INFO  - Hover the mouse on used cars..... 
17:36:29.287 [main] INFO  - Clicked on Chennai..... 
17:36:29.743 [main] INFO  - Generating the all the popular models of used cars in chennai..... 
17:45:24.034 [main] INFO  - Clicked on Signin/Register Button..... 
17:45:24.769 [main] INFO  - Navigated to login page..... 
17:45:28.178 [main] INFO  - Given invalid email account id..... 
11:13:16.987 [main] INFO  - Hover the mouse to New bikes... 
11:13:30.207 [main] INFO  - Click on Upcoming bikes..... 
11:13:41.184 [main] INFO  - Click on manufacturer and select Honda.... 
11:14:07.536 [main] INFO  - Hover the mouse on used cars..... 
11:14:45.054 [main] INFO  - Clicked on Chennai..... 
11:14:45.336 [main] INFO  - Generating the all the popular models of used cars in chennai..... 
11:33:29.602 [main] INFO  - Hover the mouse to New bikes... 
11:33:30.342 [main] INFO  - Click on Upcoming bikes..... 
11:34:07.290 [main] INFO  - Click on manufacturer and select Honda.... 
11:34:30.087 [main] INFO  - Hover the mouse on used cars..... 
11:34:47.429 [main] INFO  - Clicked on Chennai..... 
11:34:47.706 [main] INFO  - Generating the all the popular models of used cars in chennai..... 
11:57:33.134 [main] INFO  - Clicked on Signin/Register Button..... 
11:59:42.221 [main] INFO  - Hover the mouse to New bikes... 
12:00:02.736 [main] INFO  - Hover the mouse on used cars..... 
12:01:49.206 [main] INFO  - Hover the mouse to New bikes... 
12:02:46.170 [main] INFO  - Click on Upcoming bikes..... 
12:03:25.828 [main] INFO  - Click on manufacturer and select Honda.... 
12:03:51.102 [main] INFO  - Hover the mouse on used cars..... 
12:04:28.622 [main] INFO  - Clicked on Chennai..... 
12:04:29.032 [main] INFO  - Generating the all the popular models of used cars in chennai..... 
16:16:35.167 [main] INFO  - Hover the mouse to New bikes... 
16:16:35.913 [main] INFO  - Click on Upcoming bikes..... 
16:16:41.916 [main] INFO  - Click on manufacturer and select Honda.... 
16:17:03.568 [main] INFO  - Hover the mouse on used cars..... 
16:17:19.988 [main] INFO  - Clicked on Chennai..... 
16:17:20.263 [main] INFO  - Generating the all the popular models of used cars in chennai..... 
16:26:16.758 [main] INFO  - Clicked on Signin/Register Button..... 
16:26:18.118 [main] INFO  - Navigated to login page..... 
16:26:58.797 [main] INFO  - Given invalid email account id..... 
16:36:48.595 [main] INFO  - Hover the mouse to New bikes... 
16:36:49.537 [main] INFO  - Click on Upcoming bikes..... 
16:36:53.967 [main] INFO  - Click on manufacturer and select Honda.... 
16:37:25.653 [main] INFO  - Hover the mouse on used cars..... 
16:37:36.330 [main] INFO  - Clicked on Chennai..... 
16:37:36.841 [main] INFO  - Generating the all the popular models of used cars in chennai..... 
16:46:30.913 [main] INFO  - Hover the mouse to New bikes... 
16:46:31.649 [main] INFO  - Click on Upcoming bikes..... 
16:46:39.273 [main] INFO  - Click on manufacturer and select Honda.... 
16:47:05.626 [main] INFO  - Hover the mouse on used cars..... 
16:47:14.383 [main] INFO  - Clicked on Chennai..... 
16:47:14.752 [main] INFO  - Generating the all the popular models of used cars in chennai..... 
16:47:24.360 [main] INFO  - Clicked on Signin/Register Button..... 
16:47:25.315 [main] INFO  - Navigated to login page..... 
16:47:31.826 [main] INFO  - Given invalid email account id..... 
10:56:49.294 [main] INFO  - Hover the mouse to New bikes... 
10:56:50.349 [main] INFO  - Click on Upcoming bikes..... 
10:56:57.528 [main] INFO  - Click on manufacturer and select Honda.... 
10:57:47.334 [main] INFO  - Hover the mouse on used cars..... 
10:58:29.205 [main] INFO  - Clicked on Chennai..... 
10:58:29.696 [main] INFO  - Generating the all the popular models of used cars in chennai..... 
11:16:38.061 [main] INFO  - Clicked on Signin/Register Button..... 
11:16:40.902 [main] INFO  - Navigated to login page..... 
11:16:49.213 [main] INFO  - Given invalid email account id..... 
11:37:08.386 [main] INFO  - Hover the mouse to New bikes... 
11:37:09.491 [main] INFO  - Click on Upcoming bikes..... 
11:37:11.652 [main] INFO  - Click on manufacturer and select Honda.... 
11:38:35.762 [main] INFO  - Hover the mouse on used cars..... 
11:39:18.240 [main] INFO  - Clicked on Chennai..... 
11:39:20.628 [main] INFO  - Generating the all the popular models of used cars in chennai..... 
11:54:42.684 [main] INFO  - Hover the mouse to New bikes... 
11:57:15.537 [main] INFO  - Hover the mouse to New bikes... 
11:57:16.871 [main] INFO  - Click on Upcoming bikes..... 
11:57:19.196 [main] INFO  - Click on manufacturer and select Honda.... 
11:57:43.690 [main] INFO  - Hover the mouse on used cars..... 
11:57:55.514 [main] INFO  - Clicked on Chennai..... 
11:57:55.944 [main] INFO  - Generating the all the popular models of used cars in chennai..... 
11:58:04.251 [main] INFO  - Clicked on Signin/Register Button..... 
11:58:04.916 [main] INFO  - Navigated to login page..... 
11:58:09.393 [main] INFO  - Given invalid email account id..... 
11:59:08.155 [main] INFO  - Hover the mouse to New bikes... 
11:59:09.227 [main] INFO  - Click on Upcoming bikes..... 
11:59:11.202 [main] INFO  - Click on manufacturer and select Honda.... 
11:59:34.801 [main] INFO  - Hover the mouse on used cars..... 
11:59:37.604 [main] INFO  - Clicked on Chennai..... 
11:59:38.355 [main] INFO  - Generating the all the popular models of used cars in chennai..... 
12:00:20.094 [main] INFO  - Hover the mouse to New bikes... 
12:00:21.232 [main] INFO  - Click on Upcoming bikes..... 
12:00:25.972 [main] INFO  - Click on manufacturer and select Honda.... 
12:00:46.025 [main] INFO  - Hover the mouse on used cars..... 
12:00:54.848 [main] INFO  - Clicked on Chennai..... 
12:00:55.321 [main] INFO  - Generating the all the popular models of used cars in chennai..... 
12:01:02.912 [main] INFO  - Clicked on Signin/Register Button..... 
12:01:03.687 [main] INFO  - Navigated to login page..... 
12:01:08.170 [main] INFO  - Given invalid email account id..... 
12:04:53.034 [main] INFO  - Hover the mouse to New bikes... 
12:04:54.209 [main] INFO  - Click on Upcoming bikes..... 
12:04:56.201 [main] INFO  - Click on manufacturer and select Honda.... 
12:05:19.881 [main] INFO  - Hover the mouse on used cars..... 
12:05:28.888 [main] INFO  - Clicked on Chennai..... 
12:05:29.346 [main] INFO  - Generating the all the popular models of used cars in chennai..... 
12:05:36.605 [main] INFO  - Clicked on Signin/Register Button..... 
12:05:37.497 [main] INFO  - Navigated to login page..... 
12:05:41.557 [main] INFO  - Given invalid email account id..... 
12:07:23.288 [main] INFO  - Hover the mouse to New bikes... 
12:07:24.534 [main] INFO  - Click on Upcoming bikes..... 
12:07:26.547 [main] INFO  - Click on manufacturer and select Honda.... 
12:07:51.424 [main] INFO  - Hover the mouse on used cars..... 
12:08:04.208 [main] INFO  - Clicked on Chennai..... 
12:08:04.668 [main] INFO  - Generating the all the popular models of used cars in chennai..... 
12:08:11.820 [main] INFO  - Clicked on Signin/Register Button..... 
12:08:12.600 [main] INFO  - Navigated to login page..... 
12:08:16.694 [main] INFO  - Given invalid email account id..... 
15:38:12.560 [main] INFO  - Hover the mouse to New bikes... 
15:38:33.089 [main] INFO  - Hover the mouse on used cars..... 
15:39:36.442 [main] INFO  - Hover the mouse to New bikes... 
15:40:26.113 [main] INFO  - Click on Upcoming bikes..... 
15:41:09.999 [main] INFO  - Hover the mouse to New bikes... 
15:41:10.892 [main] INFO  - Click on Upcoming bikes..... 
15:41:45.423 [main] INFO  - Click on manufacturer and select Honda.... 
15:41:50.899 [main] INFO  - Hover the mouse on used cars..... 
15:42:15.518 [main] INFO  - Clicked on Chennai..... 
15:42:15.788 [main] INFO  - Generating the all the popular models of used cars in chennai..... 
15:44:32.162 [main] INFO  - Hover the mouse to New bikes... 
15:44:33.467 [main] INFO  - Click on Upcoming bikes..... 
15:44:35.800 [main] INFO  - Click on manufacturer and select Honda.... 
15:44:59.076 [main] INFO  - Hover the mouse on used cars..... 
15:45:10.397 [main] INFO  - Clicked on Chennai..... 
15:45:10.757 [main] INFO  - Generating the all the popular models of used cars in chennai..... 
15:53:55.911 [main] INFO  - Clicked on Signin/Register Button..... 
15:53:56.529 [main] INFO  - Navigated to login page..... 
15:54:01.135 [main] INFO  - Given invalid email account id..... 
16:01:06.334 [main] INFO  - Hover the mouse to New bikes... 
16:01:07.188 [main] INFO  - Click on Upcoming bikes..... 
16:01:09.042 [main] INFO  - Click on manufacturer and select Honda.... 
16:01:30.989 [main] INFO  - Hover the mouse on used cars..... 
16:01:39.302 [main] INFO  - Clicked on Chennai..... 
16:01:39.667 [main] INFO  - Generating the all the popular models of used cars in chennai..... 
16:10:57.329 [main] INFO  - Clicked on Signin/Register Button..... 
16:10:58.612 [main] INFO  - Navigated to login page..... 
16:11:02.880 [main] INFO  - Given invalid email account id..... 
16:12:08.275 [main] INFO  - Hover the mouse to New bikes... 
16:12:09.186 [main] INFO  - Click on Upcoming bikes..... 
16:12:14.091 [main] INFO  - Click on manufacturer and select Honda.... 
16:12:33.584 [main] INFO  - Hover the mouse on used cars..... 
16:12:44.881 [main] INFO  - Clicked on Chennai..... 
16:12:45.403 [main] INFO  - Generating the all the popular models of used cars in chennai..... 
16:22:06.227 [main] INFO  - Clicked on Signin/Register Button..... 
16:22:07.806 [main] INFO  - Navigated to login page..... 
16:22:12.641 [main] INFO  - Given invalid email account id..... 
17:58:35.156 [main] INFO  - Hover the mouse to New bikes... 
17:58:36.118 [main] INFO  - Click on Upcoming bikes..... 
17:58:38.657 [main] INFO  - Click on manufacturer and select Honda.... 
17:59:06.587 [main] INFO  - Hover the mouse on used cars..... 
17:59:47.250 [main] INFO  - Clicked on Chennai..... 
17:59:47.558 [main] INFO  - Generating the all the popular models of used cars in chennai..... 
18:09:39.587 [main] INFO  - Clicked on Signin/Register Button..... 
21:56:47.440 [main] INFO  - Hover the mouse to New bikes... 
21:56:48.583 [main] INFO  - Click on Upcoming bikes..... 
21:56:51.088 [main] INFO  - Click on manufacturer and select Honda.... 
21:57:25.766 [main] INFO  - Hover the mouse on used cars..... 
21:57:42.195 [main] INFO  - Clicked on Chennai..... 
21:57:42.770 [main] INFO  - Generating the all the popular models of used cars in chennai..... 
22:02:15.711 [main] INFO  - Hover the mouse to New bikes... 
22:02:17.429 [main] INFO  - Click on Upcoming bikes..... 
22:02:19.591 [main] INFO  - Click on manufacturer and select Honda.... 
22:02:52.328 [main] INFO  - Hover the mouse on used cars..... 
22:03:04.468 [main] INFO  - Clicked on Chennai..... 
22:03:05.122 [main] INFO  - Generating the all the popular models of used cars in chennai..... 
22:13:52.391 [main] INFO  - Clicked on Signin/Register Button..... 
22:13:53.337 [main] INFO  - Navigated to login page..... 
22:13:57.576 [main] INFO  - Given invalid email account id..... 
10:49:33.582 [main] INFO  - Hover the mouse to New bikes... 
10:49:56.663 [main] INFO  - Click on Upcoming bikes..... 
10:49:58.483 [main] INFO  - Click on manufacturer and select Honda.... 
10:50:16.786 [main] INFO  - Hover the mouse on used cars..... 
10:50:30.234 [main] INFO  - Clicked on Chennai..... 
10:50:30.527 [main] INFO  - Generating the all the popular models of used cars in chennai..... 
11:00:16.389 [main] INFO  - Clicked on Signin/Register Button..... 
11:00:17.954 [main] INFO  - Navigated to login page..... 
11:00:24.508 [main] INFO  - Given invalid email account id..... 
16:10:00.400 [main] INFO  - Hover the mouse to New bikes... 
16:10:01.436 [main] INFO  - Click on Upcoming bikes..... 
16:10:03.431 [main] INFO  - Click on manufacturer and select Honda.... 
16:10:27.216 [main] INFO  - Hover the mouse on used cars..... 
16:10:35.332 [main] INFO  - Clicked on Chennai..... 
16:10:35.675 [main] INFO  - Generating the all the popular models of used cars in chennai..... 
16:18:53.761 [main] INFO  - Clicked on Signin/Register Button..... 
16:18:54.570 [main] INFO  - Navigated to login page..... 
16:18:59.171 [main] INFO  - Given invalid email account id..... 
16:36:36.012 [main] INFO  - Hover the mouse to New bikes... 
16:36:36.949 [main] INFO  - Click on Upcoming bikes..... 
16:36:41.664 [main] INFO  - Click on manufacturer and select Honda.... 
16:36:58.747 [main] INFO  - Hover the mouse on used cars..... 
16:37:06.878 [main] INFO  - Clicked on Chennai..... 
16:37:07.150 [main] INFO  - Generating the all the popular models of used cars in chennai..... 
16:37:13.748 [main] INFO  - Clicked on Signin/Register Button..... 
16:37:14.732 [main] INFO  - Navigated to login page..... 
16:37:20.175 [main] INFO  - Given invalid email account id..... 
16:41:57.597 [main] INFO  - Hover the mouse to New bikes... 
16:41:58.414 [main] INFO  - Click on Upcoming bikes..... 
16:42:00.209 [main] INFO  - Click on manufacturer and select Honda.... 
16:42:18.993 [main] INFO  - Hover the mouse on used cars..... 
16:42:41.845 [main] INFO  - Clicked on Chennai..... 
16:42:42.121 [main] INFO  - Generating the all the popular models of used cars in chennai..... 
16:42:51.517 [main] INFO  - Clicked on Signin/Register Button..... 
16:42:52.315 [main] INFO  - Navigated to login page..... 
16:42:59.937 [main] INFO  - Given invalid email account id..... 
16:44:13.633 [main] INFO  - Hover the mouse to New bikes... 
16:44:14.524 [main] INFO  - Click on Upcoming bikes..... 
16:44:19.246 [main] INFO  - Click on manufacturer and select Honda.... 
16:44:42.506 [main] INFO  - Hover the mouse on used cars..... 
16:44:50.530 [main] INFO  - Clicked on Chennai..... 
16:44:50.846 [main] INFO  - Generating the all the popular models of used cars in chennai..... 
16:44:57.990 [main] INFO  - Clicked on Signin/Register Button..... 
16:44:58.676 [main] INFO  - Navigated to login page..... 
16:45:04.440 [main] INFO  - Given invalid email account id..... 
16:48:10.892 [main] INFO  - Hover the mouse to New bikes... 
16:48:11.936 [main] INFO  - Click on Upcoming bikes..... 
16:48:14.058 [main] INFO  - Click on manufacturer and select Honda.... 
16:48:32.522 [main] INFO  - Hover the mouse on used cars..... 
16:48:41.530 [main] INFO  - Clicked on Chennai..... 
16:48:41.872 [main] INFO  - Generating the all the popular models of used cars in chennai..... 
16:48:50.596 [main] INFO  - Clicked on Signin/Register Button..... 
16:48:51.274 [main] INFO  - Navigated to login page..... 
16:48:55.505 [main] INFO  - Given invalid email account id..... 
16:50:38.022 [main] INFO  - Hover the mouse to New bikes... 
16:50:38.867 [main] INFO  - Click on Upcoming bikes..... 
16:50:45.303 [main] INFO  - Click on manufacturer and select Honda.... 
16:51:03.002 [main] INFO  - Hover the mouse on used cars..... 
16:51:12.721 [main] INFO  - Clicked on Chennai..... 
16:51:13.016 [main] INFO  - Generating the all the popular models of used cars in chennai..... 
16:51:20.200 [main] INFO  - Clicked on Signin/Register Button..... 
16:51:21.089 [main] INFO  - Navigated to login page..... 
16:51:25.948 [main] INFO  - Given invalid email account id..... 
16:57:36.604 [main] INFO  - Hover the mouse to New bikes... 
16:57:37.610 [main] INFO  - Click on Upcoming bikes..... 
16:57:43.104 [main] INFO  - Click on manufacturer and select Honda.... 
16:58:04.254 [main] INFO  - Hover the mouse on used cars..... 
16:58:56.298 [main] INFO  - Hover the mouse to New bikes... 
16:58:57.367 [main] INFO  - Click on Upcoming bikes..... 
16:59:09.317 [main] INFO  - Click on manufacturer and select Honda.... 
16:59:26.282 [main] INFO  - Hover the mouse on used cars..... 
16:59:36.034 [main] INFO  - Clicked on Chennai..... 
16:59:36.324 [main] INFO  - Generating the all the popular models of used cars in chennai..... 
16:59:51.314 [main] INFO  - Clicked on Signin/Register Button..... 
16:59:52.246 [main] INFO  - Navigated to login page..... 
16:59:57.099 [main] INFO  - Given invalid email account id..... 
17:01:24.491 [main] INFO  - Hover the mouse to New bikes... 
17:01:25.467 [main] INFO  - Click on Upcoming bikes..... 
17:01:28.851 [main] INFO  - Click on manufacturer and select Honda.... 
17:01:47.861 [main] INFO  - Hover the mouse on used cars..... 
17:01:57.467 [main] INFO  - Clicked on Chennai..... 
17:01:57.748 [main] INFO  - Generating the all the popular models of used cars in chennai..... 
17:02:05.508 [main] INFO  - Clicked on Signin/Register Button..... 
17:02:06.267 [main] INFO  - Navigated to login page..... 
17:02:11.708 [main] INFO  - Given invalid email account id..... 
17:07:18.168 [main] INFO  - Hover the mouse to New bikes... 
17:07:19.296 [main] INFO  - Click on Upcoming bikes..... 
17:07:24.945 [main] INFO  - Click on manufacturer and select Honda.... 
17:07:44.705 [main] INFO  - Hover the mouse on used cars..... 
17:07:52.996 [main] INFO  - Clicked on Chennai..... 
17:07:53.325 [main] INFO  - Generating the all the popular models of used cars in chennai..... 
17:08:02.395 [main] INFO  - Clicked on Signin/Register Button..... 
17:08:03.322 [main] INFO  - Navigated to login page..... 
17:08:09.058 [main] INFO  - Given invalid email account id..... 
17:14:41.357 [main] INFO  - Hover the mouse to New bikes... 
17:14:59.877 [main] INFO  - Click on Upcoming bikes..... 
17:15:09.982 [main] INFO  - Click on manufacturer and select Honda.... 
17:15:25.541 [main] INFO  - Hover the mouse on used cars..... 
17:15:32.102 [main] INFO  - Clicked on Chennai..... 
17:15:32.395 [main] INFO  - Generating the all the popular models of used cars in chennai..... 
17:15:39.131 [main] INFO  - Clicked on Signin/Register Button..... 
17:15:39.696 [main] INFO  - Navigated to login page..... 
17:15:44.717 [main] INFO  - Given invalid email account id..... 
20:09:18.725 [main] INFO  - Hover the mouse to New bikes... 
20:09:19.953 [main] INFO  - Click on Upcoming bikes..... 
20:09:22.230 [main] INFO  - Click on manufacturer and select Honda.... 
20:09:56.378 [main] INFO  - Hover the mouse on used cars..... 
20:10:06.343 [main] INFO  - Clicked on Chennai..... 
20:10:06.745 [main] INFO  - Generating the all the popular models of used cars in chennai..... 
20:16:25.019 [main] INFO  - Hover the mouse to New bikes... 
20:16:26.332 [main] INFO  - Click on Upcoming bikes..... 
20:16:28.920 [main] INFO  - Click on manufacturer and select Honda.... 
20:16:56.799 [main] INFO  - Hover the mouse on used cars..... 
20:17:03.588 [main] INFO  - Clicked on Chennai..... 
20:17:04.110 [main] INFO  - Generating the all the popular models of used cars in chennai..... 
20:21:05.367 [main] INFO  - User is on the Zigwheels homepage..... 
20:21:08.735 [main] INFO  - Verifying the login/register button..... 
20:21:11.041 [main] INFO  - Navigating to the login page..... 
20:21:17.189 [main] INFO  - Hover the mouse over the New Bikes..... 
20:21:20.591 [main] INFO  - Clicking on the used cars..... 
20:23:42.195 [main] INFO  - User is on the zigwheels website..... 
20:23:43.721 [main] INFO  - Filtering upcoming bikes for Honda..... 
20:23:52.115 [main] INFO  - Navigated to the honda bikes tab..... 
20:23:52.564 [main] INFO  - Generating the all the popular models of used cars in chennai..... 
20:23:53.202 [main] INFO  - List of upcoming Honda bikes..... 
20:24:00.107 [main] INFO  - Navigating to the given city..... 
20:24:08.320 [main] INFO  - Navigating to the given city..... 
20:24:11.421 [main] INFO  - Navigating to the given city..... 
20:24:19.079 [main] INFO  - Navigating to the given city..... 
20:24:23.253 [main] INFO  - Navigating to the given city..... 
20:24:29.613 [main] INFO  - Navigating to the given city..... 
20:24:35.434 [main] INFO  - Navigating to the given city..... 
20:24:42.011 [main] INFO  - Navigating to the given city..... 
20:24:49.590 [main] INFO  - Navigating to the given city..... 
20:24:55.268 [main] INFO  - Searching for Honda bikes..... 
20:25:35.622 [main] INFO  - Successfully navigated to the used cars tab..... 
20:25:36.203 [main] INFO  - Selecting the checkbox of popular models..... 
20:30:15.580 [main] INFO  - User is on the zigwheels website..... 
20:30:16.708 [main] INFO  - Filtering upcoming bikes for Honda..... 
20:30:24.487 [main] INFO  - Navigated to the honda bikes tab..... 
20:30:25.047 [main] INFO  - Generating the all the popular models of used cars in chennai..... 
20:30:25.646 [main] INFO  - List of upcoming Honda bikes..... 
20:30:32.007 [main] INFO  - Navigating to the given city..... 
20:30:39.915 [main] INFO  - Navigating to the given city..... 
20:30:45.796 [main] INFO  - Navigating to the given city..... 
20:30:50.789 [main] INFO  - Navigating to the given city..... 
20:30:59.340 [main] INFO  - Navigating to the given city..... 
20:31:09.316 [main] INFO  - Navigating to the given city..... 
20:31:17.581 [main] INFO  - Navigating to the given city..... 
20:31:23.385 [main] INFO  - Navigating to the given city..... 
20:31:30.933 [main] INFO  - Navigating to the given city..... 
20:31:36.306 [main] INFO  - Searching for Honda bikes..... 
20:31:47.450 [main] INFO  - Successfully navigated to the used cars tab..... 
20:31:47.970 [main] INFO  - Selecting the checkbox of popular models..... 
20:56:50.478 [main] INFO  - User is on the Zigwheels homepage..... 
20:56:54.385 [main] INFO  - Verifying the login/register button..... 
20:56:57.015 [main] INFO  - Navigating to the login page..... 
20:57:02.894 [main] INFO  - Hover the mouse over the New Bikes..... 
20:57:06.296 [main] INFO  - Clicking on the used cars..... 
16:49:15.869 [main] INFO  - Hover the mouse to New bikes... 
16:49:17.063 [main] INFO  - Click on Upcoming bikes..... 
16:49:19.175 [main] INFO  - Click on manufacturer and select Honda.... 
16:49:44.964 [main] INFO  - Hover the mouse on used cars..... 
16:49:52.200 [main] INFO  - Clicked on Chennai..... 
16:49:52.687 [main] INFO  - Generating the all the popular models of used cars in chennai..... 
16:54:58.344 [main] INFO  - Hover the mouse to New bikes... 
16:54:59.697 [main] INFO  - Click on Upcoming bikes..... 
16:55:01.905 [main] INFO  - Click on manufacturer and select Honda.... 
16:55:21.070 [main] INFO  - Hover the mouse on used cars..... 
16:55:31.510 [main] INFO  - Clicked on Chennai..... 
16:55:31.836 [main] INFO  - Generating the all the popular models of used cars in chennai..... 
17:05:34.530 [main] INFO  - Clicked on Signin/Register Button..... 
17:05:35.580 [main] INFO  - Navigated to login page..... 
17:05:40.935 [main] INFO  - Given invalid email account id..... 
14:03:50.098 [main] INFO  - Hover the mouse to New bikes... 
14:03:50.982 [main] INFO  - Click on Upcoming bikes..... 
14:03:54.693 [main] INFO  - Click on manufacturer and select Honda.... 
14:04:10.856 [main] INFO  - Hover the mouse on used cars..... 
14:04:18.895 [main] INFO  - Clicked on Chennai..... 
14:04:19.122 [main] INFO  - Generating the all the popular models of used cars in chennai..... 
14:05:41.282 [main] INFO  - Hover the mouse to New bikes... 
14:05:42.057 [main] INFO  - Click on Upcoming bikes..... 
14:05:46.572 [main] INFO  - Click on manufacturer and select Honda.... 
14:06:02.265 [main] INFO  - Hover the mouse on used cars..... 
14:06:11.369 [main] INFO  - Clicked on Chennai..... 
14:06:11.629 [main] INFO  - Generating the all the popular models of used cars in chennai..... 
14:12:17.816 [main] INFO  - Clicked on Signin/Register Button..... 
14:12:18.660 [main] INFO  - Navigated to login page..... 
14:13:46.642 [main] INFO  - Hover the mouse to New bikes... 
14:13:47.444 [main] INFO  - Click on Upcoming bikes..... 
14:13:50.426 [main] INFO  - Click on manufacturer and select Honda.... 
14:14:06.104 [main] INFO  - Hover the mouse on used cars..... 
14:14:14.818 [main] INFO  - Clicked on Chennai..... 
14:14:15.075 [main] INFO  - Generating the all the popular models of used cars in chennai..... 
14:14:20.895 [main] INFO  - Clicked on Signin/Register Button..... 
14:14:21.649 [main] INFO  - Navigated to login page..... 
14:14:25.401 [main] INFO  - Given invalid email account id..... 
21:34:50.907 [main] INFO  - User is on the Zigwheels homepage..... 
21:34:54.477 [main] INFO  - Verifying the login/register button..... 
21:34:56.285 [main] INFO  - Navigating to the login page..... 
21:35:01.950 [main] INFO  - Hover the mouse over the New Bikes..... 
21:35:05.505 [main] INFO  - Clicking on the used cars..... 
21:36:41.625 [main] INFO  - User is on the zigwheels website..... 
21:36:42.933 [main] INFO  - Filtering upcoming bikes for Honda..... 
21:36:50.409 [main] INFO  - Navigated to the honda bikes tab..... 
