21:36:50.851 [main] INFO  - Generating the all the popular models of used cars in chennai..... 
21:36:51.625 [main] INFO  - List of upcoming Honda bikes..... 
21:36:57.484 [main] INFO  - Navigating to the given city..... 
21:37:07.415 [main] INFO  - Navigating to the given city..... 
21:37:15.087 [main] INFO  - Navigating to the given city..... 
21:37:19.494 [main] INFO  - Navigating to the given city..... 
21:37:25.373 [main] INFO  - Navigating to the given city..... 
21:37:34.647 [main] INFO  - Navigating to the given city..... 
21:37:40.944 [main] INFO  - Navigating to the given city..... 
21:37:47.668 [main] INFO  - Navigating to the given city..... 
21:37:55.349 [main] INFO  - Navigating to the given city..... 
21:38:00.751 [main] INFO  - Searching for Honda bikes..... 
21:38:41.004 [main] INFO  - Successfully navigated to the used cars tab..... 
21:38:41.491 [main] INFO  - Selecting the checkbox of popular models..... 
21:41:49.059 [main] INFO  - User is on the zigwheels website..... 
21:41:50.149 [main] INFO  - Filtering upcoming bikes for Honda..... 
21:41:57.177 [main] INFO  - Navigated to the honda bikes tab..... 
21:41:57.516 [main] INFO  - Generating the all the popular models of used cars in chennai..... 
21:41:58.322 [main] INFO  - List of upcoming Honda bikes..... 
21:42:04.138 [main] INFO  - Navigating to the given city..... 
21:42:47.202 [main] INFO  - User is on the zigwheels website..... 
21:42:48.683 [main] INFO  - Filtering upcoming bikes for Honda..... 
21:42:54.686 [main] INFO  - Navigated to the honda bikes tab..... 
21:42:54.953 [main] INFO  - Generating the all the popular models of used cars in chennai..... 
21:42:55.410 [main] INFO  - List of upcoming Honda bikes..... 
21:43:00.660 [main] INFO  - Navigating to the given city..... 
21:43:09.470 [main] INFO  - Navigating to the given city..... 
21:43:14.256 [main] INFO  - Navigating to the given city..... 
21:43:17.548 [main] INFO  - Navigating to the given city..... 
21:43:21.231 [main] INFO  - Navigating to the given city..... 
21:43:27.440 [main] INFO  - Navigating to the given city..... 
21:43:31.834 [main] INFO  - Navigating to the given city..... 
21:43:36.012 [main] INFO  - Navigating to the given city..... 
21:43:42.344 [main] INFO  - Navigating to the given city..... 
21:43:48.153 [main] INFO  - Searching for Honda bikes..... 
21:46:46.706 [main] INFO  - User is on the zigwheels website..... 
21:46:48.002 [main] INFO  - Filtering upcoming bikes for Honda..... 
21:46:55.349 [main] INFO  - Navigated to the honda bikes tab..... 
21:46:55.749 [main] INFO  - Generating the all the popular models of used cars in chennai..... 
21:46:56.582 [main] INFO  - List of upcoming Honda bikes..... 
21:47:03.708 [main] INFO  - Navigating to the given city..... 
21:47:12.213 [main] INFO  - Navigating to the given city..... 
21:47:18.929 [main] INFO  - Navigating to the given city..... 
21:47:27.261 [main] INFO  - Navigating to the given city..... 
21:47:33.110 [main] INFO  - Navigating to the given city..... 
21:47:39.907 [main] INFO  - Navigating to the given city..... 
21:47:47.011 [main] INFO  - Navigating to the given city..... 
21:47:52.552 [main] INFO  - Navigating to the given city..... 
21:47:58.832 [main] INFO  - Navigating to the given city..... 
21:48:07.776 [main] INFO  - Searching for Honda bikes..... 
21:52:29.274 [main] INFO  - User is on the zigwheels website..... 
21:52:30.738 [main] INFO  - Filtering upcoming bikes for Honda..... 
21:52:38.444 [main] INFO  - Navigated to the honda bikes tab..... 
21:52:38.763 [main] INFO  - Generating the all the popular models of used cars in chennai..... 
21:52:39.546 [main] INFO  - List of upcoming Honda bikes..... 
21:52:46.161 [main] INFO  - Navigating to the given city..... 
21:52:55.874 [main] INFO  - Navigating to the given city..... 
21:53:01.069 [main] INFO  - Navigating to the given city..... 
21:53:06.490 [main] INFO  - Navigating to the given city..... 
21:53:11.858 [main] INFO  - Navigating to the given city..... 
21:53:21.262 [main] INFO  - Navigating to the given city..... 
21:53:26.479 [main] INFO  - Navigating to the given city..... 
21:53:32.840 [main] INFO  - Navigating to the given city..... 
21:53:39.714 [main] INFO  - Navigating to the given city..... 
21:53:48.858 [main] INFO  - Searching for Honda bikes..... 
21:55:39.325 [main] INFO  - User is on the zigwheels website..... 
21:55:40.536 [main] INFO  - Filtering upcoming bikes for Honda..... 
21:55:48.308 [main] INFO  - Navigated to the honda bikes tab..... 
21:55:48.792 [main] INFO  - Generating the all the popular models of used cars in chennai..... 
21:55:49.444 [main] INFO  - List of upcoming Honda bikes..... 
21:55:55.463 [main] INFO  - Navigating to the given city..... 
21:56:05.384 [main] INFO  - Navigating to the given city..... 
21:56:11.092 [main] INFO  - Navigating to the given city..... 
21:56:16.456 [main] INFO  - Navigating to the given city..... 
21:56:21.064 [main] INFO  - Navigating to the given city..... 
21:56:27.468 [main] INFO  - Navigating to the given city..... 
21:56:33.005 [main] INFO  - Navigating to the given city..... 
21:56:39.708 [main] INFO  - Navigating to the given city..... 
21:56:45.967 [main] INFO  - Navigating to the given city..... 
21:56:52.424 [main] INFO  - Searching for Honda bikes..... 
21:57:04.277 [main] INFO  - Successfully navigated to the used cars tab..... 
21:57:04.670 [main] INFO  - Selecting the checkbox of popular models..... 
09:38:48.666 [main] INFO  - Hover the mouse to New bikes... 
09:38:49.721 [main] INFO  - Click on Upcoming bikes..... 
09:38:53.190 [main] INFO  - Click on manufacturer and select Honda.... 
09:39:28.629 [main] INFO  - Hover the mouse to New bikes... 
09:39:29.747 [main] INFO  - Click on Upcoming bikes..... 
09:39:31.497 [main] INFO  - Click on manufacturer and select Honda.... 
09:39:51.418 [main] INFO  - Hover the mouse on used cars..... 
09:40:04.193 [main] INFO  - Clicked on Chennai..... 
09:40:04.501 [main] INFO  - Generating the all the popular models of used cars in chennai..... 
09:49:20.039 [main] INFO  - Clicked on Signin/Register Button..... 
09:49:20.577 [main] INFO  - Navigated to login page..... 
09:49:27.352 [main] INFO  - Given invalid email account id..... 
12:59:11.696 [main] INFO  - Hover the mouse to New bikes... 
13:01:12.997 [main] INFO  - Hover the mouse to New bikes... 
13:01:13.956 [main] INFO  - Click on Upcoming bikes..... 
13:01:15.796 [main] INFO  - Click on manufacturer and select Honda.... 
13:01:34.834 [main] INFO  - Hover the mouse on used cars..... 
13:01:42.891 [main] INFO  - Clicked on Chennai..... 
13:01:43.239 [main] INFO  - Generating the all the popular models of used cars in chennai..... 
13:04:37.867 [main] INFO  - Hover the mouse to New bikes... 
13:04:38.801 [main] INFO  - Click on Upcoming bikes..... 
13:04:40.401 [main] INFO  - Click on manufacturer and select Honda.... 
13:04:58.608 [main] INFO  - Hover the mouse on used cars..... 
13:05:06.317 [main] INFO  - Clicked on Chennai..... 
13:05:06.630 [main] INFO  - Generating the all the popular models of used cars in chennai..... 
13:23:58.474 [main] INFO  - Hover the mouse to New bikes... 
13:23:59.560 [main] INFO  - Click on Upcoming bikes..... 
13:24:01.672 [main] INFO  - Click on manufacturer and select Honda.... 
13:24:25.449 [main] INFO  - Hover the mouse on used cars..... 
13:24:47.518 [main] INFO  - Clicked on Chennai..... 
13:24:47.860 [main] INFO  - Generating the all the popular models of used cars in chennai..... 
13:33:22.232 [main] INFO  - Clicked on Signin/Register Button..... 
13:33:23.106 [main] INFO  - Navigated to login page..... 
13:33:27.910 [main] INFO  - Given invalid email account id..... 
